
Gurobi 12.0.3 (win64, gurobi_cl) logging started Sun Sep 21 18:46:20 2025

Set parameter Username
Set parameter LicenseID to value 2711102
Set parameter TimeLimit to value 18000
Set parameter LogFile to value "gurobi.log"
Using license file C:\Users\Boxing\gurobi.lic
Academic license - for non-commercial use only - expires 2026-09-20

Gurobi Optimizer version 12.0.3 build v12.0.3rc0 (win64 - Windows 11.0 (26100.2))
Copyright (c) 2025, Gurobi Optimization, LLC

Read LP format model from file C:\Users\Boxing\AppData\Local\Temp\43108f9843234ae897fa37100be8d2fb-pulp.lp
Reading time = 0.02 seconds
Total_Distance: 2731 rows, 2755 columns, 13242 nonzeros

Using Gurobi shared library C:\gurobi1203\win64\bin\gurobi120.dll

CPU model: Intel(R) Core(TM) i5-14500, instruction set [SSE2|AVX|AVX2]
Thread count: 14 physical cores, 20 logical processors, using up to 20 threads

Non-default parameters:
TimeLimit  18000

Optimize a model with 2731 rows, 2755 columns and 13242 nonzeros
Model fingerprint: 0x5c4b7b7e
Variable types: 51 continuous, 2704 integer (2704 binary)
Coefficient statistics:
  Matrix range     [1e+00, 5e+01]
  Objective range  [9e+00, 3e+03]
  Bounds range     [1e+00, 5e+01]
  RHS range        [1e+00, 5e+01]
Presolve removed 14 rows and 7 columns
Presolve time: 0.01s
Presolved: 2717 rows, 2748 columns, 13207 nonzeros
Variable types: 51 continuous, 2697 integer (2697 binary)
Found heuristic solution: objective 24571.435692

Root relaxation: objective 6.533370e+03, 161 iterations, 0.00 seconds (0.00 work units)

    Nodes    |    Current Node    |     Objective Bounds      |     Work
 Expl Unexpl |  Obj  Depth IntInf | Incumbent    BestBd   Gap | It/Node Time

     0     0 6533.37033    0   63 24571.4357 6533.37033  73.4%     -    0s
H    0     0                    22133.583830 6533.37033  70.5%     -    0s
H    0     0                    19380.604680 6533.37033  66.3%     -    0s
     0     0 7405.77112    0   74 19380.6047 7405.77112  61.8%     -    0s
H    0     0                    19146.369817 7420.71122  61.2%     -    0s
H    0     0                    18354.811700 7774.36618  57.6%     -    0s
H    0     0                    17687.807814 7774.36618  56.0%     -    0s
H    0     0                    17444.178678 7774.36618  55.4%     -    0s
H    0     0                    15541.308327 7774.36618  50.0%     -    0s
H    0     0                    15531.116930 7774.36618  49.9%     -    0s
     0     0 7774.36618    0   72 15531.1169 7774.36618  49.9%     -    0s
     0     0 7850.37490    0   65 15531.1169 7850.37490  49.5%     -    0s
     0     0 7902.72160    0   78 15531.1169 7902.72160  49.1%     -    0s
     0     0 7910.58168    0   91 15531.1169 7910.58168  49.1%     -    0s
     0     0 7910.58168    0   92 15531.1169 7910.58168  49.1%     -    0s
     0     0 8020.84412    0   75 15531.1169 8020.84412  48.4%     -    0s
     0     0 8046.23541    0   76 15531.1169 8046.23541  48.2%     -    0s
     0     0 8046.23541    0   77 15531.1169 8046.23541  48.2%     -    0s
     0     0 8046.61952    0   77 15531.1169 8046.61952  48.2%     -    0s
     0     0 8063.98428    0   74 15531.1169 8063.98428  48.1%     -    0s
     0     0 8077.72582    0  110 15531.1169 8077.72582  48.0%     -    0s
     0     0 8084.94714    0  111 15531.1169 8084.94714  47.9%     -    0s
     0     0 8086.67687    0  104 15531.1169 8086.67687  47.9%     -    0s
     0     0 8087.07703    0  114 15531.1169 8087.07703  47.9%     -    0s
     0     0 8115.58987    0  123 15531.1169 8115.58987  47.7%     -    0s
     0     0 8126.42456    0   91 15531.1169 8126.42456  47.7%     -    0s
     0     0 8130.26924    0   90 15531.1169 8130.26924  47.7%     -    0s
     0     0 8130.26924    0   90 15531.1169 8130.26924  47.7%     -    0s
     0     0 8150.89527    0   82 15531.1169 8150.89527  47.5%     -    0s
     0     0 8166.46120    0  117 15531.1169 8166.46120  47.4%     -    0s
     0     0 8167.93327    0   94 15531.1169 8167.93327  47.4%     -    0s
     0     0 8170.99181    0  118 15531.1169 8170.99181  47.4%     -    0s
     0     0 8170.99727    0  120 15531.1169 8170.99727  47.4%     -    0s
     0     0 8171.76816    0  121 15531.1169 8171.76816  47.4%     -    0s
     0     0 8173.01827    0  122 15531.1169 8173.01827  47.4%     -    0s
     0     0 8173.16947    0  122 15531.1169 8173.16947  47.4%     -    0s
     0     0 8174.19598    0  121 15531.1169 8174.19598  47.4%     -    0s
     0     0 8174.19598    0  125 15531.1169 8174.19598  47.4%     -    0s
     0     0 8174.19598    0  122 15531.1169 8174.19598  47.4%     -    0s
     0     2 8247.49465    0  119 15531.1169 8247.49465  46.9%     -    0s
H   29    57                    15525.972624 8273.53181  46.7%  37.6    0s
H   33    57                    14365.242256 8280.08307  42.4%  38.1    0s
H   41    57                    14167.028690 8280.08307  41.6%  37.4    0s
H   58    57                    13162.790075 8280.08307  37.1%  31.3    0s
H  483   468                    12912.050953 8280.08307  35.9%  15.8    0s
H  496   468                    12628.807247 8280.08307  34.4%  15.6    0s
H 1540  1462                    12610.530395 8297.63022  34.2%  10.9    1s
H 1550  1459                    12548.356535 8297.63022  33.9%  10.9    1s
H 1866  1661                    12015.083118 8327.52625  30.7%  11.1    1s
H 1877  1603                    11819.029878 8327.52625  29.5%  11.0    1s
H 1893  1585                    11679.676556 8327.52625  28.7%  11.0    1s
H 1932  1538                    11518.005776 8327.52625  27.7%  10.9    1s
H 1959  1519                    11302.627046 8327.52625  26.3%  10.8    1s
H 2149  1549                    11282.904517 8349.08023  26.0%  10.7    1s
H 2149  1471                    11244.908050 8349.08023  25.8%  10.7    1s
H 2149  1398                    11225.185521 8349.08023  25.6%  10.7    1s
H 2149  1328                    11159.907349 8349.08023  25.2%  10.7    2s
H 2149  1262                    11140.184819 8349.08023  25.1%  10.7    2s
H 2150  1198                    10983.982761 8349.08023  24.0%  10.7    2s
H 2151  1139                    10971.354637 8349.08023  23.9%  10.7    2s
H 2151  1082                    10969.565765 8349.08023  23.9%  10.7    2s
H 2174  1042                    10908.064512 8445.08175  22.6%  10.5    3s
H 2175   990                    10901.576063 8445.08175  22.5%  10.5    3s
H 2176   941                    10243.255526 8446.08302  17.5%  10.5    3s
H 2176   894                    10239.156746 8446.08302  17.5%  10.5    3s
H 2181   851                    10221.359966 8466.76303  17.2%  10.5    4s
H 2181   808                    10163.862199 8466.76303  16.7%  10.5    4s
H 2182   768                    10108.525102 8474.40979  16.2%  10.5    4s
  2187   772 9629.89191   86  122 10108.5251 8475.16145  16.2%  11.1    5s
H 2188   734                    10108.425727 8475.16145  16.2%  11.1    5s
H 3260   933                    10069.574251 8763.67824  13.0%  18.6    9s
H 3541   924                    10058.484906 8796.87609  12.5%  19.7    9s
  4676  1195 9178.58456   28   83 10058.4849 8851.38901  12.0%  21.6   10s
 13685  5239 10046.6403   87   10 10058.4849 9145.64528  9.08%  25.2   15s
H17356  6536                    10037.128795 9273.74415  7.61%  25.8   17s
 21657  9942 9611.94457   51    8 10037.1288 9352.03116  6.83%  25.1   20s
*28839 14657              53    10022.293828 9391.32286  6.30%  24.0   23s
 36120 20231 9974.25931   46   16 10022.2938 9405.08654  6.16%  22.3   25s
 48159 30518 9935.18313  113    6 10022.2938 9413.08322  6.08%  20.7   32s
 58402 36635     cutoff  123      10022.2938 9418.78772  6.02%  19.7   35s
 71707 48072 10020.6314   61   10 10022.2938 9422.96665  5.98%  18.6   40s
 88872 58512 9531.10148   43   20 10022.2938 9427.14929  5.94%  17.7   45s
H99827 65356                    10021.351313 9429.33164  5.91%  17.5   49s
 100879 66807 9554.65789   72   11 10021.3513 9429.34080  5.91%  17.5   50s
 115847 78252 9980.88567   58    6 10021.3513 9432.77756  5.87%  17.0   55s
 128812 87715 9903.24662   83   12 10021.3513 9435.26889  5.85%  16.6   60s
 142191 96671 infeasible   90      10021.3513 9437.30810  5.83%  16.4   65s
 154095 105641 9661.33837   61    4 10021.3513 9438.98245  5.81%  16.3   70s
 167008 114075 9788.30868   77    4 10021.3513 9440.80301  5.79%  16.2   75s
 178251 122419 9454.76075   50    4 10021.3513 9442.28268  5.78%  16.1   80s
 192113 132491 9544.56991   51    4 10021.3513 9444.10803  5.76%  16.0   85s
 204138 140230 9749.55173  114    6 10021.3513 9445.50374  5.75%  15.9   90s
 214291 147665 9596.02675   63   13 10021.3513 9446.59306  5.74%  15.8   95s
 225402 156066 9753.66813   90    4 10021.3513 9447.67118  5.72%  15.7  100s
 238402 165219 9513.60307   49   16 10021.3513 9448.98921  5.71%  15.7  105s
 249042 171910 9982.75681   90    6 10021.3513 9449.98248  5.70%  15.6  110s
 259339 178755 9911.54038   74    4 10021.3513 9450.85141  5.69%  15.6  115s
 268662 185291 9990.29905   45   10 10021.3513 9451.56256  5.69%  15.6  120s
 281365 194407 9692.38496   90    4 10021.3513 9452.49618  5.68%  15.5  125s
 292417 201621 9743.15145   66    4 10021.3513 9453.49484  5.67%  15.5  130s
 302708 209268 9648.72500   74    4 10021.3513 9454.18417  5.66%  15.5  135s
 314413 217854 9901.20053   84   10 10021.3513 9454.95583  5.65%  15.4  141s
 323340 223332 9967.71417   71    4 10021.3513 9455.45247  5.65%  15.4  145s
 333698 229672 9715.00110   57   10 10021.3513 9456.12439  5.64%  15.4  150s
 343576 236106 9734.48867   79    8 10021.3513 9456.82038  5.63%  15.4  155s
 355135 243612     cutoff   74      10021.3513 9457.52371  5.63%  15.3  160s
 361724 260584 9867.74267   90    6 10021.3513 9457.97907  5.62%  15.3  181s
 381724 261902 9516.78807   54    4 10021.3513 9459.16220  5.61%  15.3  185s
 386526 264702 9949.69464   37    4 10021.3513 9459.57078  5.61%  15.3  190s
 395081 270533 9549.18583   61    9 10021.3513 9460.16073  5.60%  15.3  195s
 403517 275855 9736.04727   64    4 10021.3513 9460.61912  5.60%  15.3  200s
 411877 281548 9633.90141   87    6 10021.3513 9461.12796  5.59%  15.3  206s
 419934 286965 9690.98476   49    6 10021.3513 9461.67852  5.58%  15.3  210s
 426882 292069     cutoff   83      10021.3513 9462.06583  5.58%  15.3  215s
 435328 297934 infeasible   65      10021.3513 9462.52271  5.58%  15.3  221s
 442963 303137 9802.71108   48   16 10021.3513 9462.96682  5.57%  15.3  225s
 451754 308394 9572.74460   56    6 10021.3513 9463.52703  5.57%  15.2  231s
 457862 312152     cutoff   72      10021.3513 9463.84417  5.56%  15.3  235s
 464411 317627 9584.26635   54   18 10021.3513 9464.31150  5.56%  15.3  240s
 470794 320427 9644.97620  104    4 10021.3513 9464.62820  5.56%  15.2  245s
 476770 324811 9546.85828   72    6 10021.3513 9464.97482  5.55%  15.3  250s
 484352 330294 9538.08978   56    6 10021.3513 9465.37431  5.55%  15.2  255s
 493103 335466 9615.85030   59   12 10021.3513 9465.89351  5.54%  15.2  260s
 501419 341007 9542.56801   75    8 10021.3513 9466.40299  5.54%  15.2  265s
 508337 345711 9753.65748   89    4 10021.3513 9466.72940  5.53%  15.2  270s
 516935 351818 9740.82136   82    6 10021.3513 9467.16335  5.53%  15.2  275s
 524888 356894 9644.63171   69   17 10021.3513 9467.59685  5.53%  15.2  280s
 531300 361579 9872.08544   64    4 10021.3513 9467.94294  5.52%  15.2  285s
 539991 367572     cutoff   67      10021.3513 9468.41025  5.52%  15.2  290s
 547930 372033 9586.65384   89    6 10021.3513 9468.81328  5.51%  15.2  296s
 553726 376258 9540.04796   57    6 10021.3513 9469.11344  5.51%  15.2  300s
 560840 380860 9681.44532   93    4 10021.3513 9469.51509  5.51%  15.2  305s
 569903 386332 9655.33596   59    6 10021.3513 9470.00525  5.50%  15.1  310s
 576055 390500 9767.67005   95    4 10021.3513 9470.29106  5.50%  15.1  315s
 585164 396116 9604.77797   68   14 10021.3513 9470.76385  5.49%  15.1  321s
 590772 399711 9638.63459   74    8 10021.3513 9471.00531  5.49%  15.1  325s
 598060 404331 9774.71336   71   10 10021.3513 9471.33093  5.49%  15.1  330s
 604211 408704 9501.26886   48    4 10021.3513 9471.61608  5.49%  15.1  335s
 611541 413265     cutoff   69      10021.3513 9472.00238  5.48%  15.1  340s
 619276 418308 9596.95563   80    9 10021.3513 9472.30568  5.48%  15.1  345s
 626164 422488 9581.81413   48    4 10021.3513 9472.71233  5.47%  15.1  350s
 632165 426481 9835.11981   70    4 10021.3513 9472.98499  5.47%  15.1  355s
 638765 431558 9776.03728   49   18 10021.3513 9473.25173  5.47%  15.1  360s
 645618 435979 9548.02116   63    4 10021.3513 9473.59073  5.47%  15.1  366s
 648318 437810 9768.32212   90    6 10021.3513 9473.71761  5.46%  15.1  370s
 652498 440954 9748.62257   78    4 10021.3513 9473.92930  5.46%  15.1  376s
 655216 442511 9771.05906   57   29 10021.3513 9473.98226  5.46%  15.1  380s
 659832 445114 9586.29128   63   10 10021.3513 9474.19485  5.46%  15.1  385s
 663549 448038 9523.31355   55    4 10021.3513 9474.33388  5.46%  15.1  391s
 668038 450373 9595.39988   75    4 10021.3513 9474.53032  5.46%  15.0  396s
 670290 453010     cutoff   69      10021.3513 9474.61318  5.46%  15.0  402s
 672709 454566     cutoff   56      10021.3513 9474.65519  5.46%  15.0  405s
 677497 458280 9590.00517   64    6 10021.3513 9474.94875  5.45%  15.0  413s
 680103 459922 9868.45484   59    8 10021.3513 9475.07198  5.45%  15.0  416s
 684542 462298 9714.13174   52    4 10021.3513 9475.24943  5.45%  15.0  422s
 686442 463830 9502.19517   51    9 10021.3513 9475.34074  5.45%  15.0  426s
 690257 465812 9623.98978   56    8 10021.3513 9475.43671  5.45%  15.0  430s
 694280 468662 9671.83061   55    6 10021.3513 9475.61450  5.45%  15.0  437s
 696428 469938 9695.98502   62    8 10021.3513 9475.67782  5.45%  15.0  440s
 700946 472681 9526.80643   53   10 10021.3513 9475.90436  5.44%  15.0  447s
 703216 473929 9783.06174  105    6 10021.3513 9475.99365  5.44%  15.0  450s
 707194 476042 9562.93496   69    8 10021.3513 9476.13555  5.44%  15.0  455s
 711093 479244 10019.6826   69   10 10021.3513 9476.28224  5.44%  15.0  462s
 713788 480639 9671.63197   74    4 10021.3513 9476.40773  5.44%  15.0  465s
 718171 484045 9477.80441   51    6 10021.3513 9476.60948  5.44%  15.0  472s
 720881 485372 9536.87457   48    4 10021.3513 9476.73288  5.43%  15.0  476s
 722918 486629 9681.06747   81    4 10021.3513 9476.84165  5.43%  15.0  480s
 727725 489329 9632.55022   63    4 10021.3513 9477.03180  5.43%  15.0  487s
 729629 491222     cutoff   76      10021.3513 9477.10651  5.43%  15.0  491s
 734420 494381 9650.42657   73    4 10021.3513 9477.30562  5.43%  15.0  498s
 737027 495652 9768.87439   80    4 10021.3513 9477.39287  5.43%  15.0  501s
 740739 498348 9537.46729   57    4 10021.3513 9477.49729  5.43%  15.0  508s
 742977 500230 9928.45330   66    6 10021.3513 9477.54212  5.43%  15.0  512s
 745687 501956 9538.38065   53    6 10021.3513 9477.67133  5.43%  15.0  516s
 748063 503772 9642.79210   78   10 10021.3513 9477.76077  5.42%  15.0  520s
 753086 506661 infeasible   62      10021.3513 9477.96311  5.42%  15.0  527s
 756915 509218 9684.85092   64    4 10021.3513 9478.09591  5.42%  15.0  532s
 759018 510221 9653.84662   64    4 10021.3513 9478.15351  5.42%  15.0  535s
 762386 512584 9721.14528   96    6 10021.3513 9478.30187  5.42%  15.0  542s
 764384 514272 9740.64516   61    4 10021.3513 9478.37024  5.42%  15.0  546s
 769441 517415 9663.33468   60    4 10021.3513 9478.60218  5.42%  15.0  554s
 771663 519216 9829.70399   56    6 10021.3513 9478.67201  5.42%  15.0  558s
 774295 520173 9843.20173   71    6 10021.3513 9478.77576  5.41%  14.9  560s
 777641 522578 9919.07649   88    4 10021.3513 9478.85493  5.41%  14.9  567s
 780056 524006 9747.99457   96    6 10021.3513 9478.97210  5.41%  14.9  570s
 784646 526819     cutoff   90      10021.3513 9479.16416  5.41%  14.9  577s
 786439 528489 9773.57754   78    6 10021.3513 9479.22608  5.41%  14.9  581s
 791407 531109 9590.42233   50    6 10021.3513 9479.39765  5.41%  14.9  587s
 793300 532474     cutoff   67      10021.3513 9479.49174  5.41%  14.9  591s
 797498 535405 9699.60746   59    4 10021.3513 9479.64279  5.41%  14.9  598s
 800097 536457 9766.38140   76    6 10021.3513 9479.75673  5.40%  14.9  601s
 802473 537241 9740.60390  103    4 10021.3513 9479.85672  5.40%  14.9  605s
 804672 540058 9706.49610   62    6 10021.3513 9479.94364  5.40%  14.9  613s
 807632 541852 9632.11629   55   20 10021.3513 9480.06004  5.40%  14.9  618s
 810406 543883 9672.38823   66    8 10021.3513 9480.20990  5.40%  14.9  622s
 813510 545401 9586.04285   56    6 10021.3513 9480.31881  5.40%  14.9  626s
 815734 546946 9782.54334   88    4 10021.3513 9480.38451  5.40%  14.9  630s
 820673 549657 9545.95484   53    6 10021.3513 9480.64195  5.40%  14.9  636s
 825105 552876 9497.68238   54    4 10021.3513 9480.81391  5.39%  14.9  643s
 827534 554207 infeasible   76      10021.3513 9480.89946  5.39%  14.9  646s
 831806 557621 9516.32641   51   20 10021.3513 9481.07769  5.39%  14.9  652s
 834260 559061 9685.69178   50   23 10021.3513 9481.14809  5.39%  14.9  656s
 838305 560821 9683.10723   54    6 10021.3513 9481.30531  5.39%  14.9  661s
 841741 562344 9886.99898   86    4 10021.3513 9481.44831  5.39%  14.9  665s
 841770 575193 9900.90407   87    6 10021.3513 9481.46326  5.39%  14.9  712s
 861770 575210 10009.1213   63    4 10021.3513 9482.07657  5.38%  14.9  719s
 861791 575219 10009.1413   64    4 10021.3513 9482.07657  5.38%  14.9  723s
 861823 575898     cutoff   62      10021.3513 9482.09184  5.38%  14.9  727s
 862727 577039 9893.63286   65    8 10021.3513 9482.11436  5.38%  14.9  731s
 864579 578387 9728.09194   56   10 10021.3513 9482.25109  5.38%  14.9  735s
 868942 580817 9930.01893   57   10 10021.3513 9482.40891  5.38%  14.9  743s
 870498 582373 9584.07320   54   14 10021.3513 9482.48136  5.38%  14.9  747s
 872830 583939 9537.19321   52    4 10021.3513 9482.56175  5.38%  14.9  752s
 875139 585607 9550.19918   59    6 10021.3513 9482.62871  5.38%  14.9  756s
 877607 586757 9903.98801   80    4 10021.3513 9482.76167  5.37%  14.9  760s
 881874 589495 9913.72047   61    4 10021.3513 9482.85537  5.37%  14.9  768s
 884127 591330 9590.19375   56   12 10021.3513 9482.93790  5.37%  14.9  772s
 886899 593157 9694.81832   61   11 10021.3513 9483.08935  5.37%  14.9  777s
 889550 594123 9681.36819   81    4 10021.3513 9483.13773  5.37%  14.9  781s
 891438 595642 9714.48580   94    4 10021.3513 9483.19671  5.37%  14.9  785s
 896243 598621 9777.50254   73   16 10021.3513 9483.37894  5.37%  14.9  793s
 898964 600310 9896.65286   86    6 10021.3513 9483.44670  5.37%  14.9  797s
 901512 601261 9758.27674   88    9 10021.3513 9483.55192  5.37%  14.9  801s
 903332 602977 9599.57409   58    8 10021.3513 9483.61159  5.37%  14.9  805s
 907241 605711 9713.96239   73    6 10021.3513 9483.73979  5.36%  14.9  812s
 909798 607100 9870.28995   96   10 10021.3513 9483.82475  5.36%  14.9  816s
 913908 609725 9549.70268   54   10 10021.3513 9483.87680  5.36%  14.9  824s
 916484 610587 9866.43219   74    8 10021.3513 9484.00899  5.36%  14.9  826s
 920189 612626 9868.71849   79    4 10021.3513 9484.09691  5.36%  14.9  833s
 921939 614444 9782.29399   72    4 10021.3513 9484.13127  5.36%  14.9  838s
 924556 615501 9810.69082   54    4 10021.3513 9484.24979  5.36%  14.9  841s
 926043 616952 9662.76104   62    4 10021.3513 9484.28424  5.36%  14.9  845s
 931104 620051 9712.82846   58    4 10021.3513 9484.42317  5.36%  14.9  853s
 933065 621835 9915.62099   68    4 10021.3513 9484.51061  5.36%  14.9  857s
 935782 623548 9731.49385   92    4 10021.3513 9484.59128  5.36%  14.9  862s
 938274 624796     cutoff   98      10021.3513 9484.68960  5.36%  14.9  866s
 940329 626470 9904.49388   67    4 10021.3513 9484.74663  5.35%  14.9  870s
 944435 628864 9746.97445   60    4 10021.3513 9484.87521  5.35%  14.9  878s
 946699 630432 9915.27243   71    4 10021.3513 9484.96809  5.35%  14.8  882s
 949415 631525 9840.15434   66    6 10021.3513 9485.00528  5.35%  14.8  886s
 953449 634188 9914.45437   68    4 10021.3513 9485.09324  5.35%  14.8  893s
 955975 635710 9554.57958   53    4 10021.3513 9485.21947  5.35%  14.8  897s
 958133 637266 9752.73284   96    4 10021.3513 9485.29656  5.35%  14.8  902s
 960364 638936 9623.27496   48    4 10021.3513 9485.34391  5.35%  14.8  906s
 962898 640335     cutoff   97      10021.3513 9485.44392  5.35%  14.8  910s
 967331 643011 9587.93670   61    6 10021.3513 9485.52045  5.35%  14.8  917s
 969624 644196 9894.40832   60   14 10021.3513 9485.64783  5.35%  14.8  921s
 973225 646688 9771.00334   81    4 10021.3513 9485.74210  5.34%  14.8  928s
 975752 648054 9511.14502   46    4 10021.3513 9485.82534  5.34%  14.8  932s
 977801 649566 9823.64354   96    8 10021.3513 9485.88120  5.34%  14.8  936s
 980330 651132 9621.33387   53   13 10021.3513 9485.97026  5.34%  14.8  941s
 984273 653269 9675.92037   65    4 10021.3513 9486.09872  5.34%  14.8  948s
 986390 654438 9634.72964   55    8 10021.3513 9486.13468  5.34%  14.8  952s
 988466 656174     cutoff   62      10021.3513 9486.20229  5.34%  14.8  956s
 991190 657219 9887.22836   67    4 10021.3513 9486.29984  5.34%  14.8  960s
 995758 660743 9946.08419   74   22 10021.3513 9486.44161  5.34%  14.8  969s
 998155 661899 9551.57282   61   17 10021.3513 9486.52649  5.34%  14.8  972s
 999849 663220 9580.38670   58    4 10021.3513 9486.57169  5.34%  14.8  977s
 1001835 664528 9837.43875   75    9 10021.3513 9486.62012  5.34%  14.8  980s
 1004098 665889 9527.76622   59   15 10021.3513 9486.70949  5.34%  14.8  985s
 1008735 669342 9589.74014   52   30 10021.3513 9486.87115  5.33%  14.8  994s
 1011204 670816 9717.36817   71    8 10021.3513 9486.94058  5.33%  14.8  999s
 1013322 672512 9527.93984   44    4 10021.3513 9487.02580  5.33%  14.8 1004s
 1015802 674085 9714.37511   76   15 10021.3513 9487.08064  5.33%  14.8 1008s
 1018157 675158 9689.28574   64    4 10021.3513 9487.17208  5.33%  14.8 1011s
 1020080 676587 9664.33966   64    6 10021.3513 9487.18975  5.33%  14.8 1015s
 1022177 678070 9795.63432   77   25 10021.3513 9487.29022  5.33%  14.8 1020s
 1026746 681135 9820.40467   56    4 10021.3513 9487.43928  5.33%  14.8 1028s
 1029215 682764 9527.49076   57   12 10021.3513 9487.47256  5.33%  14.8 1032s
 1031621 684142 9741.58193   71    6 10021.3513 9487.57049  5.33%  14.8 1036s
 1035756 686209 9874.65683   55    8 10021.3513 9487.70783  5.33%  14.8 1043s
 1037472 687686     cutoff   71      10021.3513 9487.74411  5.32%  14.8 1048s
 1039972 689503 9706.73012   71    6 10021.3513 9487.80799  5.32%  14.8 1053s
 1042655 690988 9703.10566   76    4 10021.3513 9487.91006  5.32%  14.8 1058s
 1045197 692675 9490.27287   56    6 10021.3513 9487.99861  5.32%  14.8 1063s
 1047458 694025 9826.00355   61   17 10021.3513 9488.06195  5.32%  14.8 1067s
 1049404 695603 9525.89314   52   22 10021.3513 9488.09997  5.32%  14.8 1071s
 1051797 696915 9674.24009   47   27 10021.3513 9488.22403  5.32%  14.8 1075s
 1055656 699576     cutoff   56      10021.3513 9488.34209  5.32%  14.8 1082s
 1058122 700922     cutoff   70      10021.3513 9488.43481  5.32%  14.8 1086s
 1062028 703972 9585.17276   60    4 10021.3513 9488.57929  5.32%  14.8 1095s
 1067399 706418 9806.60007   53    8 10021.3513 9488.72886  5.31%  14.8 1102s
 1068981 708378 9648.83941   59    4 10021.3513 9488.78626  5.31%  14.8 1107s
 1071690 709931 9776.12837   60    6 10021.3513 9488.86212  5.31%  14.8 1111s
 1074180 711307 infeasible   59      10021.3513 9488.93663  5.31%  14.8 1115s
 1078308 713475     cutoff   72      10021.3513 9489.06552  5.31%  14.8 1121s
 1079907 714784     cutoff   74      10021.3513 9489.11548  5.31%  14.8 1125s
 1082416 716054 9881.12484   53   21 10021.3513 9489.18411  5.31%  14.8 1130s
 1084637 717255 9719.44391   58    4 10021.3513 9489.25037  5.31%  14.8 1135s
 1088996 720160     cutoff   57      10021.3513 9489.37644  5.31%  14.8 1143s
 1091421 721251 9524.87000   47   11 10021.3513 9489.44138  5.31%  14.8 1147s
 1093090 722768 9751.95628   79    6 10021.3513 9489.48483  5.31%  14.8 1152s
 1095459 724280 9654.85853   63    4 10021.3513 9489.58105  5.31%  14.8 1156s
 1097809 725271 9644.55527   58    6 10021.3513 9489.64503  5.31%  14.8 1160s
 1101106 727764     cutoff   55      10021.3513 9489.76785  5.30%  14.8 1169s
 1103400 729176     cutoff   54      10021.3513 9489.82667  5.30%  14.8 1173s
 1105786 731039 9540.34983   47    4 10021.3513 9489.91394  5.30%  14.8 1178s
 1108420 732483 9620.81704   56    8 10021.3513 9489.97453  5.30%  14.8 1183s
 1110819 733456 9982.08800   83    6 10021.3513 9490.06109  5.30%  14.8 1187s
 1112391 734645 9761.00416  115   10 10021.3513 9490.11136  5.30%  14.8 1190s
 1114084 736577 9565.20787   57    8 10021.3513 9490.15926  5.30%  14.8 1195s
 1118979 739008     cutoff   86      10021.3513 9490.29641  5.30%  14.8 1202s
 1121047 740733 9673.19936   73    4 10021.3513 9490.31817  5.30%  14.8 1206s
 1123681 742059 infeasible   76      10021.3513 9490.41285  5.30%  14.8 1210s
 1127837 744567 9577.89504   64    6 10021.3513 9490.51282  5.30%  14.8 1217s
 1129524 745458 9904.42821   50    4 10021.3513 9490.56025  5.30%  14.8 1221s
 1130966 746778 9733.95776   55   26 10021.3513 9490.62995  5.30%  14.8 1225s
 1133559 748344 9877.74451   55    6 10021.3513 9490.69981  5.30%  14.8 1230s
 1137876 750568     cutoff   80      10021.3513 9490.81421  5.29%  14.8 1237s
 1139398 752083     cutoff   98      10021.3513 9490.85562  5.29%  14.8 1242s
 1141707 753200 9712.82734   59    4 10021.3513 9490.92783  5.29%  14.8 1245s
 1143498 754453 9816.82800   61   34 10021.3513 9490.98799  5.29%  14.8 1250s
 1145809 755958 9883.30171   55   26 10021.3513 9491.00827  5.29%  14.8 1255s
 1149783 758510 9638.21861   77    9 10021.3513 9491.14608  5.29%  14.8 1263s
 1152484 759634     cutoff   74      10021.3513 9491.21524  5.29%  14.8 1268s
 1154088 761010 9824.00493   68    4 10021.3513 9491.26377  5.29%  14.8 1272s
 1156072 762875 9607.05378   59   12 10021.3513 9491.32721  5.29%  14.8 1277s
 1158730 763775 9591.51061   57    9 10021.3513 9491.40358  5.29%  14.8 1281s
 1160295 765997 9791.92508   70   11 10021.3513 9491.43798  5.29%  14.8 1287s
 1163557 767580 9617.04530   61    8 10021.3513 9491.52037  5.29%  14.8 1292s
 1165999 768782 9823.78761   65    6 10021.3513 9491.57800  5.29%  14.8 1296s
 1168144 769959 9907.30401   77   12 10021.3513 9491.61721  5.29%  14.8 1300s
 1169966 771721 9757.55265   60   15 10021.3513 9491.71084  5.29%  14.8 1305s
 1174726 775011 9588.95801   66    6 10021.3513 9491.84333  5.28%  14.8 1314s
 1177224 776513 9969.25575   62   15 10021.3513 9491.91120  5.28%  14.8 1319s
 1179699 777303 10014.8448   69    4 10021.3513 9491.97790  5.28%  14.8 1322s
 1181024 777974 9728.35903   60    8 10021.3513 9492.01568  5.28%  14.8 1325s
 1182610 779508 9800.30199   54   20 10021.3513 9492.05366  5.28%  14.8 1330s
 1186650 781163 9525.15870   53    6 10021.3513 9492.16386  5.28%  14.8 1337s
 1188204 782744 9546.62382   50    4 10021.3513 9492.19754  5.28%  14.8 1342s
 1190566 783856 9788.82399   97    4 10021.3513 9492.24545  5.28%  14.8 1346s
 1192291 785266 9510.96320   57    4 10021.3513 9492.30043  5.28%  14.8 1351s
 1194393 786973 9901.46523   56    8 10021.3513 9492.34934  5.28%  14.8 1356s
 1197018 788340     cutoff   61      10021.3513 9492.39578  5.28%  14.8 1361s
 1199242 789675 infeasible   77      10021.3513 9492.45837  5.28%  14.8 1365s
 1203372 791986 9552.19868   63    6 10021.3513 9492.56023  5.28%  14.8 1373s
 1205297 793324     cutoff   84      10021.3513 9492.61579  5.28%  14.8 1378s
 1207437 794882 9918.36176   77    4 10021.3513 9492.65553  5.28%  14.8 1383s
 1209757 796021 infeasible   76      10021.3513 9492.72675  5.27%  14.8 1387s
 1211755 796973 9929.17666   99    8 10021.3513 9492.77981  5.27%  14.8 1391s
 1215312 798999 9633.25514   54    6 10021.3513 9492.87455  5.27%  14.8 1399s
 1217318 800223 9603.00526   59    6 10021.3513 9492.92863  5.27%  14.8 1403s
 1219498 801251     cutoff   77      10021.3513 9492.98358  5.27%  14.8 1407s
 1221423 802336 9530.33682   58    6 10021.3513 9493.00448  5.27%  14.8 1412s
 1223232 803496 9655.29938   58    4 10021.3513 9493.05860  5.27%  14.8 1416s
 1224952 805152 9499.35762   54   13 10021.3513 9493.10952  5.27%  14.8 1421s
 1227723 806589 9854.91172   66    6 10021.3513 9493.18838  5.27%  14.8 1427s
 1230112 807831 9801.32993   77    8 10021.3513 9493.25843  5.27%  14.8 1431s
 1232410 808704 9801.53871   53    4 10021.3513 9493.30013  5.27%  14.8 1435s
 1234163 810576 9510.82017   42    4 10021.3513 9493.33794  5.27%  14.8 1441s
 1237108 811722 9618.47293   64    4 10021.3513 9493.40431  5.27%  14.8 1446s
 1238762 812692 9981.61584   71   11 10021.3513 9493.45676  5.27%  14.8 1451s
 1240382 814462 9604.98738   59   13 10021.3513 9493.49961  5.27%  14.8 1456s
 1243122 815891 9991.82061   76   17 10021.3513 9493.55371  5.27%  14.8 1461s
 1245401 816845     cutoff   59      10021.3513 9493.63456  5.27%  14.8 1465s
 1247138 818587     cutoff   76      10021.3513 9493.68115  5.27%  14.8 1471s
 1249851 820208 9497.06760   49   21 10021.3513 9493.77506  5.26%  14.8 1476s
 1252242 821492 9582.98641   61   29 10021.3513 9493.83735  5.26%  14.8 1481s
 1256416 823060 9828.45611   66    6 10021.3513 9493.91569  5.26%  14.8 1488s
 1257619 825379 9649.33547   59   12 10021.3513 9493.92153  5.26%  14.8 1497s
 1261687 826499 infeasible   73      10021.3513 9494.02147  5.26%  14.8 1501s
 1263383 828454 9573.47809   49   17 10021.3513 9494.07772  5.26%  14.8 1507s
 1266060 829780 9589.91362   82    4 10021.3513 9494.14849  5.26%  14.8 1511s
 1267984 831263 9653.78488   61    4 10021.3513 9494.19904  5.26%  14.8 1517s
 1270442 832780     cutoff   85      10021.3513 9494.27446  5.26%  14.8 1522s
 1272892 833775 9930.31708   65   11 10021.3513 9494.34427  5.26%  14.8 1526s
 1274498 835503 9770.72457   79    8 10021.3513 9494.40559  5.26%  14.8 1531s
 1277127 837086 9654.88111   60   13 10021.3513 9494.41123  5.26%  14.8 1536s
 1279624 838566 infeasible   77      10021.3513 9494.48834  5.26%  14.8 1542s
 1281823 840181 9501.95613   40    8 10021.3513 9494.57665  5.26%  14.8 1546s
 1284175 841145 9525.19335   53    4 10021.3513 9494.65965  5.26%  14.8 1550s
 1285667 842789 9908.01248   90    6 10021.3513 9494.68287  5.26%  14.8 1555s
 1288190 844066 9706.05976   52   15 10021.3513 9494.77648  5.25%  14.8 1560s
 1292492 846468 9760.89252   51    6 10021.3513 9494.85706  5.25%  14.8 1569s
 1294375 848294 9630.99893   71   10 10021.3513 9494.93241  5.25%  14.8 1575s
 1296856 849445 9642.18489   94    6 10021.3513 9494.98804  5.25%  14.8 1580s
 1301119 851870 9624.93226   70    4 10021.3513 9495.10869  5.25%  14.8 1589s
 1302652 852950 9757.20942   46   10 10021.3513 9495.14161  5.25%  14.8 1593s
 1304320 854564 9506.54965   68    6 10021.3513 9495.16356  5.25%  14.8 1599s
 1307039 855702 9519.98629   48   10 10021.3513 9495.26615  5.25%  14.8 1603s
 1308795 857386 9795.22893   59    6 10021.3513 9495.30993  5.25%  14.8 1609s
 1311397 859063 9998.10634   66   11 10021.3513 9495.38679  5.25%  14.8 1615s
 1315899 861885 infeasible   90      10021.3513 9495.49803  5.25%  14.8 1624s
 1318588 862973 9695.51986   63    4 10021.3513 9495.56143  5.25%  14.8 1628s
 1320385 864093 9724.62422   90   10 10021.3513 9495.60004  5.25%  14.8 1632s
 1322216 865553 9670.08041   59   12 10021.3513 9495.65465  5.25%  14.8 1637s
 1324376 867081 9547.27499   63   10 10021.3513 9495.73003  5.25%  14.8 1641s
 1328849 869269 infeasible   70      10021.3513 9495.83671  5.24%  14.8 1646s
 1332570 871991 9796.69679   85    6 10021.3513 9495.91535  5.24%  14.8 1651s
 1337055 874484     cutoff   79      10021.3513 9495.99580  5.24%  14.8 1655s
 1341121 876798 9887.43509   52    6 10021.3513 9496.12949  5.24%  14.8 1660s
 1345752 879114 9856.95009   61    8 10021.3513 9496.24654  5.24%  14.8 1665s
 1352307 882951 9639.23218   49   12 10021.3513 9496.42747  5.24%  14.8 1672s
 1353820 885028 9520.17700   56    8 10021.3513 9496.47152  5.24%  14.8 1675s
 1359429 888123 10008.5858   65    4 10021.3513 9496.61563  5.24%  14.8 1680s
 1363827 890685 9750.03566   62   10 10021.3513 9496.72248  5.24%  14.8 1685s
 1369539 893717 9596.92026   77    4 10021.3513 9496.87040  5.23%  14.8 1691s
 1373826 896998 9738.55429   73    4 10021.3513 9496.96927  5.23%  14.8 1696s
 1378542 899400 9584.82455   57    4 10021.3513 9497.07876  5.23%  14.8 1701s
 1380485 899665 9812.96544   58    8 10021.3513 9497.15173  5.23%  14.8 1705s
 1382595 902059 9572.78234   50    4 10021.3513 9497.22341  5.23%  14.8 1710s
 1387117 905296 9523.14301   42    4 10021.3513 9497.35226  5.23%  14.8 1715s
 1392877 908481 9792.36553   51   22 10021.3513 9497.46753  5.23%  14.8 1721s
 1397929 911480 9575.36829   49    4 10021.3513 9497.59245  5.23%  14.8 1726s
 1402068 913525 9697.54657   60    6 10021.3513 9497.70150  5.23%  14.8 1731s
 1406785 916518 infeasible   71      10021.3513 9497.81524  5.22%  14.8 1736s
 1411146 918896 9624.63803   60    4 10021.3513 9497.91501  5.22%  14.8 1740s
 1415160 921340 9618.28583   53    4 10021.3513 9498.01077  5.22%  14.8 1745s
 1419637 923529 9538.92918   52    8 10021.3513 9498.07440  5.22%  14.8 1750s
 1424081 926323 9662.12158   46    4 10021.3513 9498.22310  5.22%  14.8 1755s
 1427870 928865 9661.35440   55    4 10021.3513 9498.29696  5.22%  14.8 1760s
 1432629 932020 9693.94724   64    4 10021.3513 9498.39803  5.22%  14.8 1765s
 1437632 934830 9842.06008   80   13 10021.3513 9498.51562  5.22%  14.8 1770s
 1441710 937572 9562.01942   55   10 10021.3513 9498.61574  5.22%  14.8 1775s
 1446205 940495 10018.4285   72    8 10021.3513 9498.70052  5.22%  14.8 1780s
 1450804 942931 9685.47172   85    6 10021.3513 9498.78980  5.21%  14.8 1785s
 1455320 944696 9538.59597   52   19 10021.3513 9498.85617  5.21%  14.8 1790s
 1458205 947531 9659.00826   78    8 10021.3513 9498.93302  5.21%  14.8 1796s
 1464017 951814 9701.09354   60    6 10021.3513 9499.09458  5.21%  14.8 1803s
 1467313 953032     cutoff   54      10021.3513 9499.16307  5.21%  14.8 1805s

Cutting planes:
  Learned: 21
  Gomory: 33
  Cover: 89
  Implied bound: 19
  Projected implied bound: 11
  Clique: 25
  MIR: 19
  Flow cover: 75
  GUB cover: 1
  Inf proof: 12
  Zero half: 107
  RLT: 9
  Relax-and-lift: 67

Explored 1471901 nodes (21838287 simplex iterations) in 1808.01 seconds (310.49 work units)
Thread count was 20 (of 20 available processors)

Solution count 10: 10021.4 10022.3 10037.1 ... 10239.2

Solve interrupted
Best objective 1.002135131266e+04, best bound 9.499284889099e+03, gap 5.2095%

Wrote result file 'C:\Users\Boxing\AppData\Local\Temp\43108f9843234ae897fa37100be8d2fb-pulp.sol'

